This is pdfTeX, Version 3.14159265-2.6-1.40.20 (TeX Live 2019) (preloaded format=pdflatex 2019.7.7)  30 AUG 2019 17:06
entering extended mode
 restricted \write18 enabled.
 file:line:error style messages enabled.
 %&-line parsing enabled.
**zhiyang_extra_credit1.tex
(./zhiyang_extra_credit1.tex
LaTeX2e <2018-12-01>
(./acmtrans2m.cls
Document Class: acmtrans2m 1996/07/03 ACM Transactions class based on <23 April
 96>
(/usr/local/texlive/2019/texmf-dist/tex/latex/base/latexsym.sty
Package: latexsym 1998/08/17 v2.2e Standard LaTeX package (lasy symbols)
\symlasy=\mathgroup4
LaTeX Font Info:    Overwriting symbol font `lasy' in version `bold'
(Font)                  U/lasy/m/n --> U/lasy/b/n on input line 52.
)
(/usr/local/texlive/2019/texmf-dist/tex/latex/url/url.sty
\Urlmuskip=\muskip10
Package: url 2013/09/16  ver 3.4  Verb mode for urls, etc.
)

Directly generating the Month and Year for footers from the clock.


\normaltextheight=\dimen102
\c@secnumbookdepth=\count80
\c@part=\count81
\c@section=\count82
\c@subsection=\count83
\c@subsubsection=\count84
\c@paragraph=\count85
\c@figure=\count86
\c@table=\count87
\@narrowfig=\dimen103
\@nfigbox=\box27
\@nfcapbox=\box28
\@abstract=\box29
\@terms=\box30
\@keywords=\box31
\bibhang=\skip41
\bibindent=\dimen104
)
\c@theorem=\count88

No file zhiyang_extra_credit1.aux.
\openout1 = `zhiyang_extra_credit1.aux'.

LaTeX Font Info:    Checking defaults for OML/cmm/m/it on input line 41.
LaTeX Font Info:    ... okay on input line 41.
LaTeX Font Info:    Checking defaults for T1/cmr/m/n on input line 41.
LaTeX Font Info:    ... okay on input line 41.
LaTeX Font Info:    Checking defaults for OT1/cmr/m/n on input line 41.
LaTeX Font Info:    ... okay on input line 41.
LaTeX Font Info:    Checking defaults for OMS/cmsy/m/n on input line 41.
LaTeX Font Info:    ... okay on input line 41.
LaTeX Font Info:    Checking defaults for OMX/cmex/m/n on input line 41.
LaTeX Font Info:    ... okay on input line 41.
LaTeX Font Info:    Checking defaults for U/cmr/m/n on input line 41.
LaTeX Font Info:    ... okay on input line 41.
LaTeX Font Info:    External font `cmex10' loaded for size
(Font)              <7> on input line 51.
LaTeX Font Info:    External font `cmex10' loaded for size
(Font)              <5> on input line 51.
LaTeX Font Info:    Try loading font information for U+lasy on input line 51.
(/usr/local/texlive/2019/texmf-dist/tex/latex/base/ulasy.fd
File: ulasy.fd 1998/08/17 v2.2e LaTeX symbol font definitions
)

LaTeX Warning: Reference `@firstpg' on page 1 undefined on input line 60.


LaTeX Warning: Reference `@lastpg' on page 1 undefined on input line 60.

[1

{/usr/local/texlive/2019/texmf-var/fonts/map/pdftex/updmap/pdftex.map}]

LaTeX Warning: Citation `Weste05' on page 2 undefined on input line 63.


LaTeX Warning: Citation `Rabaey03' on page 2 undefined on input line 63.


LaTeX Warning: Citation `Kang03' on page 2 undefined on input line 63.


LaTeX Warning: Citation `Sutherland99' on page 2 undefined on input line 63.

LaTeX Font Info:    External font `cmex10' loaded for size
(Font)              <14.4> on input line 65.
[2] [3]
No file zhiyang_extra_credit1.bbl.
[4] (./zhiyang_extra_credit1.aux)

LaTeX Warning: There were undefined references.


LaTeX Warning: Label(s) may have changed. Rerun to get cross-references right.

 ) 
Here is how much of TeX's memory you used:
 514 strings out of 492609
 5684 string characters out of 6129049
 68342 words of memory out of 5000000
 4498 multiletter control sequences out of 15000+600000
 8929 words of font info for 34 fonts, out of 8000000 for 9000
 1141 hyphenation exceptions out of 8191
 25i,8n,24p,405b,229s stack positions out of 5000i,500n,10000p,200000b,80000s
</usr/local/texlive/2019/texmf-dist/fonts/type1/public/amsfonts/cm/cmbx10.pfb
></usr/local/texlive/2019/texmf-dist/fonts/type1/public/amsfonts/cm/cmbx6.pfb><
/usr/local/texlive/2019/texmf-dist/fonts/type1/public/amsfonts/cm/cmbx8.pfb></u
sr/local/texlive/2019/texmf-dist/fonts/type1/public/amsfonts/cm/cmex10.pfb></us
r/local/texlive/2019/texmf-dist/fonts/type1/public/amsfonts/cm/cmmi10.pfb></usr
/local/texlive/2019/texmf-dist/fonts/type1/public/amsfonts/cm/cmr10.pfb></usr/l
ocal/texlive/2019/texmf-dist/fonts/type1/public/amsfonts/cm/cmr17.pfb></usr/loc
al/texlive/2019/texmf-dist/fonts/type1/public/amsfonts/cm/cmr6.pfb></usr/local/
texlive/2019/texmf-dist/fonts/type1/public/amsfonts/cm/cmr7.pfb></usr/local/tex
live/2019/texmf-dist/fonts/type1/public/amsfonts/cm/cmr8.pfb></usr/local/texliv
e/2019/texmf-dist/fonts/type1/public/amsfonts/cm/cmss10.pfb></usr/local/texlive
/2019/texmf-dist/fonts/type1/public/amsfonts/cm/cmss8.pfb></usr/local/texlive/2
019/texmf-dist/fonts/type1/public/amsfonts/cm/cmss9.pfb></usr/local/texlive/201
9/texmf-dist/fonts/type1/public/amsfonts/cm/cmsy10.pfb>
Output written on zhiyang_extra_credit1.pdf (4 pages, 156031 bytes).
PDF statistics:
 73 PDF objects out of 1000 (max. 8388607)
 52 compressed objects within 1 object stream
 0 named destinations out of 1000 (max. 500000)
 1 words of extra memory for PDF output out of 10000 (max. 10000000)

