This is pdfTeX, Version 3.141592653-2.6-1.40.27 (TeX Live 2025) (preloaded format=pdflatex 2025.3.8)  4 OCT 2025 14:19
entering extended mode
 restricted \write18 enabled.
 file:line:error style messages enabled.
 %&-line parsing enabled.
**zhiyang_extra_credit1.tex
(./zhiyang_extra_credit1.tex
LaTeX2e <2024-11-01> patch level 2
L3 programming layer <2025-01-18>
(./acmtrans2m.cls
Document Class: acmtrans2m 1996/07/03 ACM Transactions class based on <23 April
 96>
(/usr/local/texlive/2025/texmf-dist/tex/latex/base/latexsym.sty
Package: latexsym 1998/08/17 v2.2e Standard LaTeX package (lasy symbols)
\symlasy=\mathgroup4
LaTeX Font Info:    Overwriting symbol font `lasy' in version `bold'
(Font)                  U/lasy/m/n --> U/lasy/b/n on input line 52.
)
(/usr/local/texlive/2025/texmf-dist/tex/latex/url/url.sty
\Urlmuskip=\muskip17
Package: url 2013/09/16  ver 3.4  Verb mode for urls, etc.
)

Directly generating the Month and Year for footers from the clock.


\normaltextheight=\dimen141
\c@secnumbookdepth=\count196
\c@part=\count197
\c@section=\count198
\c@subsection=\count199
\c@subsubsection=\count266
\c@paragraph=\count267
\c@figure=\count268
\c@table=\count269
\@narrowfig=\dimen142
\@nfigbox=\box52
\@nfcapbox=\box53
\@abstract=\box54
\@terms=\box55
\@keywords=\box56
\bibhang=\skip49
\bibindent=\dimen143
) (/usr/local/texlive/2025/texmf-dist/tex/latex/graphics/graphicx.sty
Package: graphicx 2021/09/16 v1.2d Enhanced LaTeX Graphics (DPC,SPQR)

(/usr/local/texlive/2025/texmf-dist/tex/latex/graphics/keyval.sty
Package: keyval 2022/05/29 v1.15 key=value parser (DPC)
\KV@toks@=\toks17
)
(/usr/local/texlive/2025/texmf-dist/tex/latex/graphics/graphics.sty
Package: graphics 2024/08/06 v1.4g Standard LaTeX Graphics (DPC,SPQR)

(/usr/local/texlive/2025/texmf-dist/tex/latex/graphics/trig.sty
Package: trig 2023/12/02 v1.11 sin cos tan (DPC)
)
(/usr/local/texlive/2025/texmf-dist/tex/latex/graphics-cfg/graphics.cfg
File: graphics.cfg 2016/06/04 v1.11 sample graphics configuration
)
Package graphics Info: Driver file: pdftex.def on input line 106.

(/usr/local/texlive/2025/texmf-dist/tex/latex/graphics-def/pdftex.def
File: pdftex.def 2024/04/13 v1.2c Graphics/color driver for pdftex
))
\Gin@req@height=\dimen144
\Gin@req@width=\dimen145
)
\c@theorem=\count270

(/usr/local/texlive/2025/texmf-dist/tex/latex/l3backend/l3backend-pdftex.def
File: l3backend-pdftex.def 2024-05-08 L3 backend support: PDF output (pdfTeX)
\l__color_backend_stack_int=\count271
\l__pdf_internal_box=\box57
)
(./zhiyang_extra_credit1.aux)
\openout1 = `zhiyang_extra_credit1.aux'.

LaTeX Font Info:    Checking defaults for OML/cmm/m/it on input line 52.
LaTeX Font Info:    ... okay on input line 52.
LaTeX Font Info:    Checking defaults for OMS/cmsy/m/n on input line 52.
LaTeX Font Info:    ... okay on input line 52.
LaTeX Font Info:    Checking defaults for OT1/cmr/m/n on input line 52.
LaTeX Font Info:    ... okay on input line 52.
LaTeX Font Info:    Checking defaults for T1/cmr/m/n on input line 52.
LaTeX Font Info:    ... okay on input line 52.
LaTeX Font Info:    Checking defaults for TS1/cmr/m/n on input line 52.
LaTeX Font Info:    ... okay on input line 52.
LaTeX Font Info:    Checking defaults for OMX/cmex/m/n on input line 52.
LaTeX Font Info:    ... okay on input line 52.
LaTeX Font Info:    Checking defaults for U/cmr/m/n on input line 52.
LaTeX Font Info:    ... okay on input line 52.

(/usr/local/texlive/2025/texmf-dist/tex/context/base/mkii/supp-pdf.mkii
[Loading MPS to PDF converter (version 2006.09.02).]
\scratchcounter=\count272
\scratchdimen=\dimen146
\scratchbox=\box58
\nofMPsegments=\count273
\nofMParguments=\count274
\everyMPshowfont=\toks18
\MPscratchCnt=\count275
\MPscratchDim=\dimen147
\MPnumerator=\count276
\makeMPintoPDFobject=\count277
\everyMPtoPDFconversion=\toks19
) (/usr/local/texlive/2025/texmf-dist/tex/latex/epstopdf-pkg/epstopdf-base.sty
Package: epstopdf-base 2020-01-24 v2.11 Base part for package epstopdf
Package epstopdf-base Info: Redefining graphics rule for `.eps' on input line 4
85.

(/usr/local/texlive/2025/texmf-dist/tex/latex/latexconfig/epstopdf-sys.cfg
File: epstopdf-sys.cfg 2010/07/13 v1.3 Configuration of (r)epstopdf for TeX Liv
e
))
LaTeX Font Info:    External font `cmex10' loaded for size
(Font)              <7> on input line 81.
LaTeX Font Info:    External font `cmex10' loaded for size
(Font)              <5> on input line 81.
LaTeX Font Info:    Trying to load font information for U+lasy on input line 81
.

(/usr/local/texlive/2025/texmf-dist/tex/latex/base/ulasy.fd
File: ulasy.fd 1998/08/17 v2.2e LaTeX symbol font definitions
)
Underfull \hbox (badness 10000) in paragraph at lines 81--87

 []


Underfull \hbox (badness 10000) in paragraph at lines 81--87

 []

LaTeX Font Info:    External font `cmex10' loaded for size
(Font)              <8> on input line 89.
LaTeX Font Info:    External font `cmex10' loaded for size
(Font)              <6> on input line 89.

Overfull \hbox (1.33617pt too wide) in paragraph at lines 91--98
[][] 
 []


Underfull \hbox (badness 10000) in paragraph at lines 99--127

 []


Underfull \hbox (badness 10000) in paragraph at lines 99--127

 []


Underfull \hbox (badness 10000) in paragraph at lines 99--127

 []


Underfull \hbox (badness 10000) in paragraph at lines 99--127

 []


Underfull \hbox (badness 10000) in paragraph at lines 99--127

 []


Underfull \hbox (badness 10000) in paragraph at lines 99--127

 []


Underfull \hbox (badness 10000) in paragraph at lines 99--127

 []


Underfull \hbox (badness 10000) in paragraph at lines 99--127

 []



[1

{/usr/local/texlive/2025/texmf-var/fonts/map/pdftex/updmap/pdftex.map}]
<preenc.pdf, id=14, 129.48375pt x 1006.76125pt>
File: preenc.pdf Graphic file (type pdf)
<use preenc.pdf>
Package pdftex.def Info: preenc.pdf  used on input line 133.
(pdftex.def)             Requested size: 67.69942pt x 526.37598pt.
<predec.pdf, id=15, 139.52126pt x 1056.94875pt>
File: predec.pdf Graphic file (type pdf)
<use predec.pdf>
Package pdftex.def Info: predec.pdf  used on input line 141.
(pdftex.def)             Requested size: 69.48369pt x 526.37598pt.


LaTeX Warning: Float too large for page by 4.53154pt on input line 145.


Overfull \hbox (1.45169pt too wide) in paragraph at lines 154--154
[]\OT1/cmss/m/n/10 DEVELOPMENT OF THE TEST-BENCH THAT MOD-ELS A COM-MU-NI-CA-TI
ONS
 []



LaTeX Font Info:    External font `cmex10' loaded for size
(Font)              <14.4> on input line 157.
[2]

[3 <./preenc.pdf>]

[4 <./predec.pdf>]
<commschannel.pdf, id=53, 858.20625pt x 235.88126pt>
File: commschannel.pdf Graphic file (type pdf)
<use commschannel.pdf>
Package pdftex.def Info: commschannel.pdf  used on input line 167.
(pdftex.def)             Requested size: 341.43306pt x 93.84332pt.
<predec4to16.pdf, id=54, 130.4875pt x 1135.24126pt>
File: predec4to16.pdf Graphic file (type pdf)
<use predec4to16.pdf>
Package pdftex.def Info: predec4to16.pdf  used on input line 193.
(pdftex.def)             Requested size: 60.50482pt x 526.37598pt.
<prefinal.pdf, id=55, 404.51125pt x 1169.36874pt>
File: prefinal.pdf Graphic file (type pdf)
<use prefinal.pdf>
Package pdftex.def Info: prefinal.pdf  used on input line 201.
(pdftex.def)             Requested size: 182.0901pt x 526.37598pt.
<prefinal1.pdf, id=56, 224.84pt x 1176.395pt>
File: prefinal1.pdf Graphic file (type pdf)
<use prefinal1.pdf>
Package pdftex.def Info: prefinal1.pdf  used on input line 209.
(pdftex.def)             Requested size: 100.60411pt x 526.37598pt.


LaTeX Warning: Float too large for page by 2.97598pt on input line 213.



[5 <./commschannel.pdf>]

[6 <./predec4to16.pdf>]

[7 <./prefinal.pdf>]

[8 <./prefinal1.pdf>]
<postenc.pdf, id=111, 125.46875pt x 1218.5525pt>
File: postenc.pdf Graphic file (type pdf)
<use postenc.pdf>
Package pdftex.def Info: postenc.pdf  used on input line 261.
(pdftex.def)             Requested size: 54.19939pt x 526.37598pt.
<postdec.pdf, id=112, 145.54375pt x 1219.55624pt>
File: postdec.pdf Graphic file (type pdf)
<use postdec.pdf>
Package pdftex.def Info: postdec.pdf  used on input line 269.
(pdftex.def)             Requested size: 62.8202pt x 526.37598pt.
 (./zhiyang_extra_credit1.bbl)

[9]

[10 <./postenc.pdf>]

[11 <./postdec.pdf>] (./zhiyang_extra_credit1.aux)
 ***********
LaTeX2e <2024-11-01> patch level 2
L3 programming layer <2025-01-18>
 ***********
 ) 
Here is how much of TeX's memory you used:
 1721 strings out of 473190
 27385 string characters out of 5715801
 446413 words of memory out of 5000000
 24990 multiletter control sequences out of 15000+600000
 565295 words of font info for 61 fonts, out of 8000000 for 9000
 1141 hyphenation exceptions out of 8191
 57i,8n,65p,841b,308s stack positions out of 10000i,1000n,20000p,200000b,200000s
</usr/local/texlive/2025/texmf-dist/fonts/type1/public/amsfonts/cm/cmbx8.pfb>
</usr/local/texlive/2025/texmf-dist/fonts/type1/public/amsfonts/cm/cmcsc10.pfb>
</usr/local/texlive/2025/texmf-dist/fonts/type1/public/amsfonts/cm/cmex10.pfb><
/usr/local/texlive/2025/texmf-dist/fonts/type1/public/amsfonts/cm/cmmi10.pfb></
usr/local/texlive/2025/texmf-dist/fonts/type1/public/amsfonts/cm/cmmi6.pfb></us
r/local/texlive/2025/texmf-dist/fonts/type1/public/amsfonts/cm/cmmi7.pfb></usr/
local/texlive/2025/texmf-dist/fonts/type1/public/amsfonts/cm/cmmi8.pfb></usr/lo
cal/texlive/2025/texmf-dist/fonts/type1/public/amsfonts/cm/cmr10.pfb></usr/loca
l/texlive/2025/texmf-dist/fonts/type1/public/amsfonts/cm/cmr17.pfb></usr/local/
texlive/2025/texmf-dist/fonts/type1/public/amsfonts/cm/cmr6.pfb></usr/local/tex
live/2025/texmf-dist/fonts/type1/public/amsfonts/cm/cmr7.pfb></usr/local/texliv
e/2025/texmf-dist/fonts/type1/public/amsfonts/cm/cmr8.pfb></usr/local/texlive/2
025/texmf-dist/fonts/type1/public/amsfonts/cm/cmss10.pfb></usr/local/texlive/20
25/texmf-dist/fonts/type1/public/amsfonts/cm/cmss8.pfb></usr/local/texlive/2025
/texmf-dist/fonts/type1/public/amsfonts/cm/cmss9.pfb></usr/local/texlive/2025/t
exmf-dist/fonts/type1/public/amsfonts/cm/cmsy10.pfb></usr/local/texlive/2025/te
xmf-dist/fonts/type1/public/amsfonts/cm/cmti8.pfb>
Output written on zhiyang_extra_credit1.pdf (11 pages, 290636 bytes).
PDF statistics:
 219 PDF objects out of 1000 (max. 8388607)
 131 compressed objects within 2 object streams
 0 named destinations out of 1000 (max. 500000)
 41 words of extra memory for PDF output out of 10000 (max. 10000000)

