ncverilog: 05.10-p004: (c) Copyright 1995-2003 Cadence Design Systems, Inc.
TOOL:	ncverilog	05.10-p004: Started on Dec 12, 2007 at 09:44:01
ncverilog
	-f syncommschannel.f
		-v
		syncommschannel.v
		+ncaccess+rwc
		syncommschannel.v
	+gui

-------------------------------------
Relinquished control to SimVision...
ncsim> source /usr/usc/cadence/2005/LDV51/tools/inca/files/ncsimrc
ncsim> database -open waves -into waves.shm -default
Created default SHM database waves
ncsim> probe -create -shm tb_communication_channel.b tb_communication_channel.c tb_communication_channel.clock tb_communication_channel.count tb_communication_channel.cx tb_communication_channel.d tb_communication_channel.e tb_communication_channel.error_level tb_communication_channel.r tb_communication_channel.r_b tb_communication_channel.r_b1 tb_communication_channel.r_b2 tb_communication_channel.r_c tb_communication_channel.r_cx tb_communication_channel.r_cx1 tb_communication_channel.r_e tb_communication_channel.r_e1 tb_communication_channel.r_e2 tb_communication_channel.rr tb_communication_channel.rr_c tb_communication_channel.rr_c1 tb_communication_channel.rset
Created probe 1
ncsim> run
 << Starting the simulation >>
Next
Next
Next
Next
Next
Next
Next
Next
Next
Next
Next
                 130rr_c NOT EQUAL to r_cx
Next
Next
Next
Next
Next
Next
Next
Next
Next
Next
Next
Next
Next
Next
Next
Next
Next
Next
Next
Next
Next
Next
Next
Next
Next
Next
Next
Next
Next
Next
Next
Next
Next
Next
                 470rr_c NOT EQUAL to r_cx
Next
Next
Next
Next
Next
Next
Next
Next
Next
Next
Next
Next
Next
Next
Next
Next
Next
Next
Next
Next
Next
Next
Next
Next
Next
Next
Next
Next
Next
Next
Next
Next
Next
Next
Next
Next
Next
Next
Next
Next
Next
Next
Next
Next
Next
Next
Next
Next
Next
Next
Next
Next
Next
Next
Next
Next
Next
Next
Next
Next
Next
Next
Next
Next
Next
Next
Next
Next
Next
Next
Next
Next
Next
Next
Next
Next
Next
Next
Next
Next
Next
Next
Next
Next
Next
Next
Next
Next
Next
Next
Next
Next
Next
Next
Next
Next
Next
Next
Next
Next
Next
Next
Next
Next
Next
Next
Next
Next
Next
Next
Next
Next
Next
Next
Next
Next
Next
Next
Next
Next
Next
Next
Next
Next
Next
Next
Next
Next
Next
Next
Next
Next
Next
Next
Next
Next
Next
Next
Next
Next
Next
Next
Next
Next
Next
Next
Next
Next
Next
Next
Next
Next
Next
Next
Next
Next
Next
Next
Next
Next
Next
Next
Next
Next
Next
Next
Next
Next
Next
Next
Next
Next
Next
Next
Next
Next
Next
Next
Next
Next
Next
Next
Next
Next
Next
Next
Next
Next
Next
Next
Next
Next
Next
Next
Next
Next
Next
Next
Next
Next
Next
Next
Next
Next
Next
Next
Next
Next
Next
Next
Next
 << Finishing the simulation >>
Simulation complete via $finish(1) at time 2600 NS + 0
./syncommschannel.v:487 		$finish;
ncsim> ^C
ncsim> exit
TOOL:	ncverilog	05.10-p004: Exiting on Dec 12, 2007 at 09:48:07  (total: 00:04:06)
